# JRE version: Java(TM) SE Runtime Environment (12.0.1+12) (build 12.0.1+12)
# Java VM: Java HotSpot(TM) 64-Bit Server VM (12.0.1+12, mixed mode, sharing, tiered, compressed oops, g1 gc, windows-amd64)
Heap:
 garbage-first heap   total 98304K, used 28761K [0x0000000085c00000, 0x0000000100000000)
  region size 1024K, 5 young (5120K), 5 survivors (5120K)
 Metaspace       used 48562K, capacity 49895K, committed 49920K, reserved 1091584K
  class space    used 6656K, capacity 7145K, committed 7168K, reserved 1048576K
GC Heap History (10 events):
Event: 2.288 GC heap after
{Heap after GC invocations=9 (full 0):
 garbage-first heap   total 71680K, used 18165K [0x0000000085c00000, 0x0000000100000000)
  region size 1024K, 1 young (1024K), 1 survivors (1024K)
 Metaspace       used 27155K, capacity 28203K, committed 28416K, reserved 1073152K
  class space    used 3638K, capacity 3996K, committed 4096K, reserved 1048576K
}
Event: 2.636 GC heap before
{Heap before GC invocations=9 (full 0):
 garbage-first heap   total 71680K, used 56053K [0x0000000085c00000, 0x0000000100000000)
  region size 1024K, 38 young (38912K), 1 survivors (1024K)
 Metaspace       used 33676K, capacity 34758K, committed 34816K, reserved 1079296K
  class space    used 4451K, capacity 4836K, committed 4864K, reserved 1048576K
}
Event: 2.639 GC heap after
{Heap after GC invocations=10 (full 0):
 garbage-first heap   total 86016K, used 20309K [0x0000000085c00000, 0x0000000100000000)
  region size 1024K, 4 young (4096K), 4 survivors (4096K)
 Metaspace       used 33676K, capacity 34758K, committed 34816K, reserved 1079296K
  class space    used 4451K, capacity 4836K, committed 4864K, reserved 1048576K
}
Event: 2.687 GC heap before
{Heap before GC invocations=10 (full 0):
 garbage-first heap   total 86016K, used 24405K [0x0000000085c00000, 0x0000000100000000)
  region size 1024K, 9 young (9216K), 4 survivors (4096K)
 Metaspace       used 34590K, capacity 35708K, committed 35840K, reserved 1079296K
  class space    used 4612K, capacity 5002K, committed 5120K, reserved 1048576K
}
Event: 2.691 GC heap after
{Heap after GC invocations=11 (full 0):
 garbage-first heap   total 86016K, used 20410K [0x0000000085c00000, 0x0000000100000000)
  region size 1024K, 4 young (4096K), 4 survivors (4096K)
 Metaspace       used 34590K, capacity 35708K, committed 35840K, reserved 1079296K
  class space    used 4612K, capacity 5002K, committed 5120K, reserved 1048576K
}
Event: 3.144 GC heap before
{Heap before GC invocations=12 (full 0):
 garbage-first heap   total 81920K, used 65466K [0x0000000085c00000, 0x0000000100000000)
  region size 1024K, 46 young (47104K), 4 survivors (4096K)
 Metaspace       used 42521K, capacity 43721K, committed 43904K, reserved 1087488K
  class space    used 5800K, capacity 6243K, committed 6272K, reserved 1048576K
}
Event: 3.148 GC heap after
{Heap after GC invocations=13 (full 0):
 garbage-first heap   total 81920K, used 23967K [0x0000000085c00000, 0x0000000100000000)
  region size 1024K, 5 young (5120K), 5 survivors (5120K)
 Metaspace       used 42521K, capacity 43721K, committed 43904K, reserved 1087488K
  class space    used 5800K, capacity 6243K, committed 6272K, reserved 1048576K
}
Event: 3.486 GC heap before
{Heap before GC invocations=13 (full 0):
 garbage-first heap   total 81920K, used 63903K [0x0000000085c00000, 0x0000000100000000)
  region size 1024K, 44 young (45056K), 5 survivors (5120K)
 Metaspace       used 46275K, capacity 47549K, committed 47872K, reserved 1089536K
  class space    used 6351K, capacity 6814K, committed 6912K, reserved 1048576K
}
Event: 3.490 GC heap after
{Heap after GC invocations=14 (full 0):
 garbage-first heap   total 81920K, used 26024K [0x0000000085c00000, 0x0000000100000000)
  region size 1024K, 4 young (4096K), 4 survivors (4096K)
 Metaspace       used 46275K, capacity 47549K, committed 47872K, reserved 1089536K
  class space    used 6351K, capacity 6814K, committed 6912K, reserved 1048576K
}
Event: 3.772 GC heap before
{Heap before GC invocations=14 (full 0):
 garbage-first heap   total 81920K, used 64936K [0x0000000085c00000, 0x0000000100000000)
  region size 1024K, 42 young (43008K), 4 survivors (4096K)
 Metaspace       used 48562K, capacity 49895K, committed 49920K, reserved 1091584K
  class space    used 6656K, capacity 7145K, committed 7168K, reserved 1048576K
}

